[2024-06-25 07:02:09 DEBUG Log:28] Load part thành công (1439)
[2024-06-25 07:02:10 DEBUG Log:28] Load map template thành công (163)
[2024-06-25 07:02:10 DEBUG Log:28] Load skill thành công (3)
[2024-06-25 07:02:10 DEBUG Log:28] Load head avatar thành công (355)
[2024-06-25 07:02:10 DEBUG Log:28] Load flag bag thành công (106)
[2024-06-25 07:02:10 DEBUG Log:28] Load cải trang thành công (348)
[2024-06-25 07:02:10 DEBUG Log:28] Load intrinsic thành công (26)
[2024-06-25 07:02:10 DEBUG Log:28] Load task thành công (33)
[2024-06-25 07:02:10 DEBUG Log:28] Load side task thành công (59)
[2024-06-25 07:02:10 DEBUG Log:28] Load map item template thành công (2115)
[2024-06-25 07:02:10 DEBUG Log:28] Load map item option template thành công (249)
[2024-06-25 07:02:11 DEBUG Log:28] Load shop thành công (22)
[2024-06-25 07:02:11 DEBUG Log:28] Load reward lucky round thành công! 98.26
[2024-06-25 07:02:11 DEBUG Log:28] Load reward lucky round thành công (87)
[2024-06-25 07:02:11 DEBUG Log:28] Load mob template thành công (84)
[2024-06-25 07:02:11 DEBUG Log:28] Load npc template thành công (79)
[2024-06-25 07:02:12 DEBUG Log:28] Init map thành công!
[2024-06-25 07:02:12 DEBUG Log:28] Thông báo tải dữ liệu images by name thành công (108)
[2024-06-25 07:02:12 DEBUG Log:28] Load clan thành công (1), clan next id: 1
[2024-06-25 07:02:12 DEBUG Log:20] Tổng thời gian load database: 4655(ms)
[2024-06-25 07:02:12 DEBUG Log:20] Start server......... Current thread: 265
[2024-06-25 07:05:35 DEBUG Log:20] SAVE CLAN: admin (0)
[2024-06-25 07:05:35 ERROR Log:44] Save 1 bang
[2024-06-25 07:11:53 ERROR Controller:584] Err controller message command: 44
java.lang.NullPointerException: Cannot assign field "doneBDKBSom" because "player.clan.banDoKhoBau" is null
	at nro.services.Service.chat(Service.java:580)
	at nro.server.Controller.onMessage(Controller.java:495)
	at nro.server.io.MessageCollector.run(MessageCollector.java:38)
	at java.base/java.lang.Thread.run(Thread.java:1583)
[2024-06-25 07:32:29 DEBUG Log:28] Load part thành công (1439)
[2024-06-25 07:32:29 DEBUG Log:28] Load map template thành công (163)
[2024-06-25 07:32:29 DEBUG Log:28] Load skill thành công (3)
[2024-06-25 07:32:30 DEBUG Log:28] Load head avatar thành công (355)
[2024-06-25 07:32:30 DEBUG Log:28] Load flag bag thành công (106)
[2024-06-25 07:32:30 DEBUG Log:28] Load cải trang thành công (348)
[2024-06-25 07:32:30 DEBUG Log:28] Load intrinsic thành công (26)
[2024-06-25 07:32:30 DEBUG Log:28] Load task thành công (33)
[2024-06-25 07:32:30 DEBUG Log:28] Load side task thành công (59)
[2024-06-25 07:32:30 DEBUG Log:28] Load map item template thành công (2115)
[2024-06-25 07:32:30 DEBUG Log:28] Load map item option template thành công (249)
[2024-06-25 07:32:31 DEBUG Log:28] Load shop thành công (22)
[2024-06-25 07:32:31 DEBUG Log:28] Load reward lucky round thành công! 98.26
[2024-06-25 07:32:31 DEBUG Log:28] Load reward lucky round thành công (87)
[2024-06-25 07:32:31 DEBUG Log:28] Load mob template thành công (84)
[2024-06-25 07:32:31 DEBUG Log:28] Load npc template thành công (79)
[2024-06-25 07:32:32 DEBUG Log:28] Init map thành công!
[2024-06-25 07:32:32 DEBUG Log:28] Thông báo tải dữ liệu images by name thành công (108)
[2024-06-25 07:32:32 DEBUG Log:28] Load clan thành công (1), clan next id: 1
[2024-06-25 07:32:32 DEBUG Log:20] Tổng thời gian load database: 4775(ms)
[2024-06-25 07:32:32 DEBUG Log:20] Start server......... Current thread: 270
[2024-06-25 07:49:06 DEBUG Log:28] Load part thành công (1439)
[2024-06-25 07:49:06 DEBUG Log:28] Load map template thành công (163)
[2024-06-25 07:49:06 DEBUG Log:28] Load skill thành công (3)
[2024-06-25 07:49:06 DEBUG Log:28] Load head avatar thành công (355)
[2024-06-25 07:49:06 DEBUG Log:28] Load flag bag thành công (106)
[2024-06-25 07:49:07 DEBUG Log:28] Load cải trang thành công (348)
[2024-06-25 07:49:07 DEBUG Log:28] Load intrinsic thành công (26)
[2024-06-25 07:49:07 DEBUG Log:28] Load task thành công (33)
[2024-06-25 07:49:07 DEBUG Log:28] Load side task thành công (59)
[2024-06-25 07:49:07 DEBUG Log:28] Load map item template thành công (2115)
[2024-06-25 07:49:07 DEBUG Log:28] Load map item option template thành công (249)
[2024-06-25 07:49:09 DEBUG Log:28] Load shop thành công (22)
[2024-06-25 07:49:09 DEBUG Log:28] Load reward lucky round thành công! 98.26
[2024-06-25 07:49:09 DEBUG Log:28] Load reward lucky round thành công (87)
[2024-06-25 07:49:09 DEBUG Log:28] Load mob template thành công (84)
[2024-06-25 07:49:09 DEBUG Log:28] Load npc template thành công (79)
[2024-06-25 07:49:10 DEBUG Log:28] Init map thành công!
[2024-06-25 07:49:10 DEBUG Log:28] Thông báo tải dữ liệu images by name thành công (108)
[2024-06-25 07:49:10 DEBUG Log:28] Load clan thành công (1), clan next id: 1
[2024-06-25 07:49:10 DEBUG Log:20] Tổng thời gian load database: 5256(ms)
[2024-06-25 07:49:10 DEBUG Log:20] Start server......... Current thread: 269
[2024-06-25 07:56:23 DEBUG Log:28] Load part thành công (1439)
[2024-06-25 07:56:23 DEBUG Log:28] Load map template thành công (163)
[2024-06-25 07:56:24 DEBUG Log:28] Load skill thành công (3)
[2024-06-25 07:56:24 DEBUG Log:28] Load head avatar thành công (355)
[2024-06-25 07:56:24 DEBUG Log:28] Load flag bag thành công (106)
[2024-06-25 07:56:24 DEBUG Log:28] Load cải trang thành công (348)
[2024-06-25 07:56:24 DEBUG Log:28] Load intrinsic thành công (26)
[2024-06-25 07:56:24 DEBUG Log:28] Load task thành công (33)
[2024-06-25 07:56:24 DEBUG Log:28] Load side task thành công (59)
[2024-06-25 07:56:24 DEBUG Log:28] Load map item template thành công (2115)
[2024-06-25 07:56:24 DEBUG Log:28] Load map item option template thành công (249)
[2024-06-25 07:56:25 DEBUG Log:28] Load shop thành công (22)
[2024-06-25 07:56:25 DEBUG Log:28] Load reward lucky round thành công! 98.26
[2024-06-25 07:56:25 DEBUG Log:28] Load reward lucky round thành công (87)
[2024-06-25 07:56:25 DEBUG Log:28] Load mob template thành công (84)
[2024-06-25 07:56:25 DEBUG Log:28] Load npc template thành công (79)
[2024-06-25 07:56:25 DEBUG Log:28] Init map thành công!
[2024-06-25 07:56:25 DEBUG Log:28] Thông báo tải dữ liệu images by name thành công (108)
[2024-06-25 07:56:25 DEBUG Log:28] Load clan thành công (0), clan next id: 0
[2024-06-25 07:56:26 DEBUG Log:20] Tổng thời gian load database: 3342(ms)
[2024-06-25 07:56:26 DEBUG Log:20] Start server......... Current thread: 249
[2024-06-25 08:07:13 DEBUG Log:28] Load part thành công (1439)
[2024-06-25 08:07:13 DEBUG Log:28] Load map template thành công (163)
[2024-06-25 08:07:13 DEBUG Log:28] Load skill thành công (3)
[2024-06-25 08:07:13 DEBUG Log:28] Load head avatar thành công (355)
[2024-06-25 08:07:13 DEBUG Log:28] Load flag bag thành công (106)
[2024-06-25 08:07:13 DEBUG Log:28] Load cải trang thành công (348)
[2024-06-25 08:07:13 DEBUG Log:28] Load intrinsic thành công (26)
[2024-06-25 08:07:14 DEBUG Log:28] Load task thành công (33)
[2024-06-25 08:07:14 DEBUG Log:28] Load side task thành công (59)
[2024-06-25 08:07:14 DEBUG Log:28] Load map item template thành công (2115)
[2024-06-25 08:07:14 DEBUG Log:28] Load map item option template thành công (249)
[2024-06-25 08:07:15 DEBUG Log:28] Load shop thành công (22)
[2024-06-25 08:07:15 DEBUG Log:28] Load reward lucky round thành công! 98.26
[2024-06-25 08:07:15 DEBUG Log:28] Load reward lucky round thành công (87)
[2024-06-25 08:07:15 DEBUG Log:28] Load mob template thành công (84)
[2024-06-25 08:07:15 DEBUG Log:28] Load npc template thành công (79)
[2024-06-25 08:07:16 DEBUG Log:28] Init map thành công!
[2024-06-25 08:07:16 DEBUG Log:28] Thông báo tải dữ liệu images by name thành công (108)
[2024-06-25 08:07:16 DEBUG Log:28] Load clan thành công (0), clan next id: 0
[2024-06-25 08:07:16 DEBUG Log:20] Tổng thời gian load database: 4404(ms)
[2024-06-25 08:07:16 DEBUG Log:20] Start server......... Current thread: 270
[2024-06-25 08:10:55 DEBUG Log:20] SAVE CLAN: admin (0)
[2024-06-25 08:10:55 ERROR Log:44] Save 1 bang
[2024-06-27 10:13:42 DEBUG Log:28] Load part thành công (1439)
[2024-06-27 10:13:42 DEBUG Log:28] Load map template thành công (163)
[2024-06-27 10:13:54 DEBUG Log:28] Load skill thành công (3)
[2024-06-27 10:13:54 DEBUG Log:28] Load head avatar thành công (355)
[2024-06-27 10:13:54 DEBUG Log:28] Load flag bag thành công (106)
[2024-06-27 10:13:54 DEBUG Log:28] Load cải trang thành công (348)
[2024-06-27 10:13:54 DEBUG Log:28] Load intrinsic thành công (26)
[2024-06-27 10:13:54 DEBUG Log:28] Load task thành công (33)
[2024-06-27 10:13:55 DEBUG Log:28] Load side task thành công (59)
[2024-06-27 10:13:55 DEBUG Log:28] Load map item template thành công (2115)
[2024-06-27 10:13:55 DEBUG Log:28] Load map item option template thành công (249)
[2024-06-27 10:13:56 DEBUG Log:28] Load shop thành công (22)
[2024-06-27 10:13:56 DEBUG Log:28] Load reward lucky round thành công! 98.26
[2024-06-27 10:13:56 DEBUG Log:28] Load reward lucky round thành công (87)
[2024-06-27 10:13:56 DEBUG Log:28] Load mob template thành công (84)
[2024-06-27 10:13:56 DEBUG Log:28] Load npc template thành công (79)
[2024-06-27 10:13:57 DEBUG Log:28] Init map thành công!
[2024-06-27 10:13:57 DEBUG Log:28] Thông báo tải dữ liệu images by name thành công (108)
[2024-06-27 10:13:57 DEBUG Log:28] Load clan thành công (1), clan next id: 1
[2024-06-27 10:13:57 DEBUG Log:20] Tổng thời gian load database: 17133(ms)
[2024-06-27 10:13:57 DEBUG Log:20] Start server......... Current thread: 258
[2024-06-27 10:35:39 DEBUG Log:28] Load part thành công (1439)
[2024-06-27 10:35:39 DEBUG Log:28] Load map template thành công (163)
[2024-06-27 10:35:39 DEBUG Log:28] Load skill thành công (3)
[2024-06-27 10:35:39 DEBUG Log:28] Load head avatar thành công (355)
[2024-06-27 10:35:39 DEBUG Log:28] Load flag bag thành công (106)
[2024-06-27 10:35:39 DEBUG Log:28] Load cải trang thành công (348)
[2024-06-27 10:35:39 DEBUG Log:28] Load intrinsic thành công (26)
[2024-06-27 10:35:39 DEBUG Log:28] Load task thành công (33)
[2024-06-27 10:35:39 DEBUG Log:28] Load side task thành công (59)
[2024-06-27 10:35:39 DEBUG Log:28] Load map item template thành công (2115)
[2024-06-27 10:35:39 DEBUG Log:28] Load map item option template thành công (249)
[2024-06-27 10:35:40 DEBUG Log:28] Load shop thành công (22)
[2024-06-27 10:35:40 DEBUG Log:28] Load reward lucky round thành công! 98.26
[2024-06-27 10:35:40 DEBUG Log:28] Load reward lucky round thành công (87)
[2024-06-27 10:35:40 DEBUG Log:28] Load mob template thành công (84)
[2024-06-27 10:35:40 DEBUG Log:28] Load npc template thành công (79)
[2024-06-27 10:35:41 DEBUG Log:28] Init map thành công!
[2024-06-27 10:35:41 DEBUG Log:28] Thông báo tải dữ liệu images by name thành công (108)
[2024-06-27 10:35:41 DEBUG Log:28] Load clan thành công (1), clan next id: 1
[2024-06-27 10:35:41 DEBUG Log:20] Tổng thời gian load database: 4155(ms)
[2024-06-27 10:35:42 DEBUG Log:20] Start server......... Current thread: 273
[2024-06-27 10:40:37 DEBUG Log:28] Load part thành công (1439)
[2024-06-27 10:40:38 DEBUG Log:28] Load map template thành công (163)
[2024-06-27 10:40:38 DEBUG Log:28] Load skill thành công (3)
[2024-06-27 10:40:38 DEBUG Log:28] Load head avatar thành công (355)
[2024-06-27 10:40:38 DEBUG Log:28] Load flag bag thành công (106)
[2024-06-27 10:40:38 DEBUG Log:28] Load cải trang thành công (348)
[2024-06-27 10:40:38 DEBUG Log:28] Load intrinsic thành công (26)
[2024-06-27 10:40:38 DEBUG Log:28] Load task thành công (33)
[2024-06-27 10:40:38 DEBUG Log:28] Load side task thành công (59)
[2024-06-27 10:40:38 DEBUG Log:28] Load map item template thành công (2115)
[2024-06-27 10:40:38 DEBUG Log:28] Load map item option template thành công (249)
[2024-06-27 10:40:39 DEBUG Log:28] Load shop thành công (22)
[2024-06-27 10:40:39 DEBUG Log:28] Load reward lucky round thành công! 98.26
[2024-06-27 10:40:39 DEBUG Log:28] Load reward lucky round thành công (87)
[2024-06-27 10:40:39 DEBUG Log:28] Load mob template thành công (84)
[2024-06-27 10:40:39 DEBUG Log:28] Load npc template thành công (79)
[2024-06-27 10:40:40 DEBUG Log:28] Init map thành công!
[2024-06-27 10:40:40 DEBUG Log:28] Thông báo tải dữ liệu images by name thành công (108)
[2024-06-27 10:40:40 DEBUG Log:28] Load clan thành công (1), clan next id: 1
[2024-06-27 10:40:40 DEBUG Log:20] Tổng thời gian load database: 3733(ms)
[2024-06-27 10:40:40 DEBUG Log:20] Start server......... Current thread: 273
[2024-06-27 10:42:21 DEBUG Log:28] Load part thành công (1439)
[2024-06-27 10:42:31 DEBUG Log:28] Load map template thành công (163)
[2024-06-27 10:42:31 DEBUG Log:28] Load skill thành công (3)
[2024-06-27 10:42:31 DEBUG Log:28] Load head avatar thành công (355)
[2024-06-27 10:42:31 DEBUG Log:28] Load flag bag thành công (106)
[2024-06-27 10:42:31 DEBUG Log:28] Load cải trang thành công (348)
[2024-06-27 10:42:31 DEBUG Log:28] Load intrinsic thành công (26)
[2024-06-27 10:42:31 DEBUG Log:28] Load task thành công (33)
[2024-06-27 10:42:31 DEBUG Log:28] Load side task thành công (59)
[2024-06-27 10:42:31 DEBUG Log:28] Load map item template thành công (2115)
[2024-06-27 10:42:31 DEBUG Log:28] Load map item option template thành công (249)
[2024-06-27 10:42:34 DEBUG Log:28] Load shop thành công (22)
[2024-06-27 10:42:34 DEBUG Log:28] Load reward lucky round thành công! 98.26
[2024-06-27 10:42:34 DEBUG Log:28] Load reward lucky round thành công (87)
[2024-06-27 10:42:34 DEBUG Log:28] Load mob template thành công (84)
[2024-06-27 10:42:34 DEBUG Log:28] Load npc template thành công (79)
[2024-06-27 10:42:35 DEBUG Log:28] Init map thành công!
[2024-06-27 10:42:35 DEBUG Log:28] Thông báo tải dữ liệu images by name thành công (108)
[2024-06-27 10:42:35 DEBUG Log:28] Load clan thành công (1), clan next id: 1
[2024-06-27 10:42:35 DEBUG Log:20] Tổng thời gian load database: 15570(ms)
[2024-06-27 10:42:35 DEBUG Log:20] Start server......... Current thread: 272
[2024-06-27 10:48:52 DEBUG Log:28] Load part thành công (1439)
[2024-06-27 10:48:52 DEBUG Log:28] Load map template thành công (163)
[2024-06-27 10:48:53 DEBUG Log:28] Load skill thành công (3)
[2024-06-27 10:48:53 DEBUG Log:28] Load head avatar thành công (355)
[2024-06-27 10:48:53 DEBUG Log:28] Load flag bag thành công (106)
[2024-06-27 10:48:53 DEBUG Log:28] Load cải trang thành công (348)
[2024-06-27 10:48:53 DEBUG Log:28] Load intrinsic thành công (26)
[2024-06-27 10:48:53 DEBUG Log:28] Load task thành công (33)
[2024-06-27 10:48:53 DEBUG Log:28] Load side task thành công (59)
[2024-06-27 10:48:53 DEBUG Log:28] Load map item template thành công (2115)
[2024-06-27 10:48:53 DEBUG Log:28] Load map item option template thành công (249)
[2024-06-27 10:48:54 DEBUG Log:28] Load shop thành công (22)
[2024-06-27 10:48:55 DEBUG Log:28] Load reward lucky round thành công! 98.26
[2024-06-27 10:48:56 DEBUG Log:28] Load reward lucky round thành công (87)
[2024-06-27 10:48:56 DEBUG Log:28] Load mob template thành công (84)
[2024-06-27 10:48:56 DEBUG Log:28] Load npc template thành công (79)
[2024-06-27 10:48:57 DEBUG Log:28] Init map thành công!
[2024-06-27 10:48:57 DEBUG Log:28] Thông báo tải dữ liệu images by name thành công (108)
[2024-06-27 10:48:57 DEBUG Log:28] Load clan thành công (1), clan next id: 1
[2024-06-27 10:48:58 DEBUG Log:20] Tổng thời gian load database: 6986(ms)
[2024-06-27 10:48:58 DEBUG Log:20] Start server......... Current thread: 244
[2024-06-27 11:10:26 DEBUG Log:28] Load part thành công (1439)
[2024-06-27 11:10:27 DEBUG Log:28] Load map template thành công (163)
[2024-06-27 11:10:27 DEBUG Log:28] Load skill thành công (3)
[2024-06-27 11:10:27 DEBUG Log:28] Load head avatar thành công (355)
[2024-06-27 11:10:27 DEBUG Log:28] Load flag bag thành công (106)
[2024-06-27 11:10:27 DEBUG Log:28] Load cải trang thành công (348)
[2024-06-27 11:10:27 DEBUG Log:28] Load intrinsic thành công (26)
[2024-06-27 11:10:27 DEBUG Log:28] Load task thành công (33)
[2024-06-27 11:10:27 DEBUG Log:28] Load side task thành công (59)
[2024-06-27 11:10:27 DEBUG Log:28] Load map item template thành công (2115)
[2024-06-27 11:10:27 DEBUG Log:28] Load map item option template thành công (249)
[2024-06-27 11:10:29 DEBUG Log:28] Load shop thành công (22)
[2024-06-27 11:10:29 DEBUG Log:28] Load reward lucky round thành công! 98.26
[2024-06-27 11:10:29 DEBUG Log:28] Load reward lucky round thành công (87)
[2024-06-27 11:10:29 DEBUG Log:28] Load mob template thành công (84)
[2024-06-27 11:10:29 DEBUG Log:28] Load npc template thành công (79)
[2024-06-27 11:10:30 DEBUG Log:28] Init map thành công!
[2024-06-27 11:10:30 DEBUG Log:28] Thông báo tải dữ liệu images by name thành công (108)
[2024-06-27 11:10:30 DEBUG Log:28] Load clan thành công (1), clan next id: 1
[2024-06-27 11:10:30 DEBUG Log:20] Tổng thời gian load database: 5809(ms)
[2024-06-27 11:10:30 DEBUG Log:20] Start server......... Current thread: 273
[2024-06-27 11:21:37 DEBUG Log:28] Load part thành công (1439)
[2024-06-27 11:21:38 DEBUG Log:28] Load map template thành công (163)
[2024-06-27 11:21:38 DEBUG Log:28] Load skill thành công (3)
[2024-06-27 11:21:39 DEBUG Log:28] Load head avatar thành công (355)
[2024-06-27 11:21:39 DEBUG Log:28] Load flag bag thành công (106)
[2024-06-27 11:21:39 DEBUG Log:28] Load cải trang thành công (348)
[2024-06-27 11:21:39 DEBUG Log:28] Load intrinsic thành công (26)
[2024-06-27 11:21:39 DEBUG Log:28] Load task thành công (33)
[2024-06-27 11:21:39 DEBUG Log:28] Load side task thành công (59)
[2024-06-27 11:21:39 DEBUG Log:28] Load map item template thành công (2115)
[2024-06-27 11:21:39 DEBUG Log:28] Load map item option template thành công (249)
[2024-06-27 11:21:40 DEBUG Log:28] Load shop thành công (22)
[2024-06-27 11:21:40 DEBUG Log:28] Load reward lucky round thành công! 98.26
[2024-06-27 11:21:40 DEBUG Log:28] Load reward lucky round thành công (87)
[2024-06-27 11:21:40 DEBUG Log:28] Load mob template thành công (84)
[2024-06-27 11:21:40 DEBUG Log:28] Load npc template thành công (79)
[2024-06-27 11:21:42 DEBUG Log:28] Init map thành công!
[2024-06-27 11:21:42 DEBUG Log:28] Thông báo tải dữ liệu images by name thành công (108)
[2024-06-27 11:21:42 DEBUG Log:28] Load clan thành công (1), clan next id: 1
[2024-06-27 11:21:42 DEBUG Log:20] Tổng thời gian load database: 6899(ms)
[2024-06-27 11:21:42 DEBUG Log:20] Start server......... Current thread: 261
[2024-06-27 11:26:37 DEBUG Log:28] Load part thành công (1439)
[2024-06-27 11:26:38 DEBUG Log:28] Load map template thành công (163)
[2024-06-27 11:26:38 DEBUG Log:28] Load skill thành công (3)
[2024-06-27 11:26:38 DEBUG Log:28] Load head avatar thành công (355)
[2024-06-27 11:26:38 DEBUG Log:28] Load flag bag thành công (106)
[2024-06-27 11:26:38 DEBUG Log:28] Load cải trang thành công (348)
[2024-06-27 11:26:38 DEBUG Log:28] Load intrinsic thành công (26)
[2024-06-27 11:26:38 DEBUG Log:28] Load task thành công (33)
[2024-06-27 11:26:38 DEBUG Log:28] Load side task thành công (59)
[2024-06-27 11:26:38 DEBUG Log:28] Load map item template thành công (2115)
[2024-06-27 11:26:38 DEBUG Log:28] Load map item option template thành công (249)
[2024-06-27 11:26:39 DEBUG Log:28] Load shop thành công (22)
[2024-06-27 11:26:39 DEBUG Log:28] Load reward lucky round thành công! 98.26
[2024-06-27 11:26:39 DEBUG Log:28] Load reward lucky round thành công (87)
[2024-06-27 11:26:39 DEBUG Log:28] Load mob template thành công (84)
[2024-06-27 11:26:39 DEBUG Log:28] Load npc template thành công (79)
[2024-06-27 11:26:40 DEBUG Log:28] Init map thành công!
[2024-06-27 11:26:40 DEBUG Log:28] Thông báo tải dữ liệu images by name thành công (108)
[2024-06-27 11:26:40 DEBUG Log:28] Load clan thành công (1), clan next id: 1
[2024-06-27 11:26:40 DEBUG Log:20] Tổng thời gian load database: 4024(ms)
[2024-06-27 11:26:40 DEBUG Log:20] Start server......... Current thread: 252
[2024-06-29 06:02:54 DEBUG Log:28] Load part thành công (1439)
[2024-06-29 06:02:54 DEBUG Log:28] Load map template thành công (163)
[2024-06-29 06:02:54 DEBUG Log:28] Load skill thành công (3)
[2024-06-29 06:02:54 DEBUG Log:28] Load head avatar thành công (355)
[2024-06-29 06:02:54 DEBUG Log:28] Load flag bag thành công (106)
[2024-06-29 06:02:54 DEBUG Log:28] Load cải trang thành công (348)
[2024-06-29 06:02:54 DEBUG Log:28] Load intrinsic thành công (26)
[2024-06-29 06:02:55 DEBUG Log:28] Load task thành công (33)
[2024-06-29 06:02:55 DEBUG Log:28] Load side task thành công (59)
[2024-06-29 06:02:55 DEBUG Log:28] Load map item template thành công (2115)
[2024-06-29 06:02:55 DEBUG Log:28] Load map item option template thành công (249)
[2024-06-29 06:02:56 DEBUG Log:28] Load shop thành công (22)
[2024-06-29 06:02:56 DEBUG Log:28] Load reward lucky round thành công! 98.26
[2024-06-29 06:02:56 DEBUG Log:28] Load reward lucky round thành công (87)
[2024-06-29 06:02:56 DEBUG Log:28] Load mob template thành công (84)
[2024-06-29 06:02:56 DEBUG Log:28] Load npc template thành công (79)
[2024-06-29 06:02:57 DEBUG Log:28] Init map thành công!
[2024-06-29 06:02:57 DEBUG Log:28] Thông báo tải dữ liệu images by name thành công (108)
[2024-06-29 06:02:57 DEBUG Log:28] Load clan thành công (1), clan next id: 1
[2024-06-29 06:02:57 DEBUG Log:20] Tổng thời gian load database: 4875(ms)
[2024-06-29 06:02:57 DEBUG Log:20] Start server......... Current thread: 259
[2024-06-29 06:28:46 DEBUG Log:28] Load part thành công (1439)
[2024-06-29 06:28:46 DEBUG Log:28] Load map template thành công (163)
[2024-06-29 06:28:46 DEBUG Log:28] Load skill thành công (3)
[2024-06-29 06:28:46 DEBUG Log:28] Load head avatar thành công (355)
[2024-06-29 06:28:46 DEBUG Log:28] Load flag bag thành công (106)
[2024-06-29 06:28:46 DEBUG Log:28] Load cải trang thành công (348)
[2024-06-29 06:28:46 DEBUG Log:28] Load intrinsic thành công (26)
[2024-06-29 06:28:46 DEBUG Log:28] Load task thành công (33)
[2024-06-29 06:28:46 DEBUG Log:28] Load side task thành công (59)
[2024-06-29 06:28:46 DEBUG Log:28] Load map item template thành công (2115)
[2024-06-29 06:28:46 DEBUG Log:28] Load map item option template thành công (249)
[2024-06-29 06:28:48 DEBUG Log:28] Load shop thành công (22)
[2024-06-29 06:28:48 DEBUG Log:28] Load reward lucky round thành công! 98.26
[2024-06-29 06:28:48 DEBUG Log:28] Load reward lucky round thành công (87)
[2024-06-29 06:28:48 DEBUG Log:28] Load mob template thành công (84)
[2024-06-29 06:28:48 DEBUG Log:28] Load npc template thành công (79)
[2024-06-29 06:28:49 DEBUG Log:28] Init map thành công!
[2024-06-29 06:28:49 DEBUG Log:28] Thông báo tải dữ liệu images by name thành công (108)
[2024-06-29 06:28:49 DEBUG Log:28] Load clan thành công (1), clan next id: 1
[2024-06-29 06:28:49 DEBUG Log:20] Tổng thời gian load database: 7342(ms)
[2024-06-29 06:28:49 DEBUG Log:20] Start server......... Current thread: 267
[2024-06-29 06:36:12 DEBUG Log:28] Load part thành công (1439)
[2024-06-29 06:36:12 DEBUG Log:28] Load map template thành công (163)
[2024-06-29 06:36:12 DEBUG Log:28] Load skill thành công (3)
[2024-06-29 06:36:12 DEBUG Log:28] Load head avatar thành công (355)
[2024-06-29 06:36:12 DEBUG Log:28] Load flag bag thành công (106)
[2024-06-29 06:36:12 DEBUG Log:28] Load cải trang thành công (348)
[2024-06-29 06:36:12 DEBUG Log:28] Load intrinsic thành công (26)
[2024-06-29 06:36:12 DEBUG Log:28] Load task thành công (33)
[2024-06-29 06:36:12 DEBUG Log:28] Load side task thành công (59)
[2024-06-29 06:36:12 DEBUG Log:28] Load map item template thành công (2115)
[2024-06-29 06:36:12 DEBUG Log:28] Load map item option template thành công (249)
[2024-06-29 06:36:14 DEBUG Log:28] Load shop thành công (22)
[2024-06-29 06:36:14 DEBUG Log:28] Load reward lucky round thành công! 98.26
[2024-06-29 06:36:14 DEBUG Log:28] Load reward lucky round thành công (87)
[2024-06-29 06:36:14 DEBUG Log:28] Load mob template thành công (84)
[2024-06-29 06:36:14 DEBUG Log:28] Load npc template thành công (79)
[2024-06-29 06:36:15 DEBUG Log:28] Init map thành công!
[2024-06-29 06:36:15 DEBUG Log:28] Thông báo tải dữ liệu images by name thành công (108)
[2024-06-29 06:36:15 DEBUG Log:28] Load clan thành công (1), clan next id: 1
[2024-06-29 06:36:15 DEBUG Log:20] Tổng thời gian load database: 5234(ms)
[2024-06-29 06:36:15 DEBUG Log:20] Start server......... Current thread: 256
[2024-06-29 06:44:14 DEBUG Log:28] Load part thành công (1439)
[2024-06-29 06:44:14 DEBUG Log:28] Load map template thành công (163)
[2024-06-29 06:44:14 DEBUG Log:28] Load skill thành công (3)
[2024-06-29 06:44:14 DEBUG Log:28] Load head avatar thành công (355)
[2024-06-29 06:44:14 DEBUG Log:28] Load flag bag thành công (106)
[2024-06-29 06:44:14 DEBUG Log:28] Load cải trang thành công (348)
[2024-06-29 06:44:14 DEBUG Log:28] Load intrinsic thành công (26)
[2024-06-29 06:44:14 DEBUG Log:28] Load task thành công (33)
[2024-06-29 06:44:14 DEBUG Log:28] Load side task thành công (59)
[2024-06-29 06:44:14 DEBUG Log:28] Load map item template thành công (2115)
[2024-06-29 06:44:14 DEBUG Log:28] Load map item option template thành công (249)
[2024-06-29 06:44:17 DEBUG Log:28] Load shop thành công (22)
[2024-06-29 06:44:17 DEBUG Log:28] Load reward lucky round thành công! 98.26
[2024-06-29 06:44:17 DEBUG Log:28] Load reward lucky round thành công (87)
[2024-06-29 06:44:17 DEBUG Log:28] Load mob template thành công (84)
[2024-06-29 06:44:17 DEBUG Log:28] Load npc template thành công (79)
[2024-06-29 06:44:18 DEBUG Log:28] Init map thành công!
[2024-06-29 06:44:18 DEBUG Log:28] Thông báo tải dữ liệu images by name thành công (108)
[2024-06-29 06:44:18 DEBUG Log:28] Load clan thành công (1), clan next id: 1
[2024-06-29 06:44:18 DEBUG Log:20] Tổng thời gian load database: 5441(ms)
[2024-06-29 06:44:18 DEBUG Log:20] Start server......... Current thread: 267
[2024-06-29 07:02:09 DEBUG Log:28] Load part thành công (1439)
[2024-06-29 07:02:09 DEBUG Log:28] Load map template thành công (163)
[2024-06-29 07:02:09 DEBUG Log:28] Load skill thành công (3)
[2024-06-29 07:02:09 DEBUG Log:28] Load head avatar thành công (355)
[2024-06-29 07:02:09 DEBUG Log:28] Load flag bag thành công (106)
[2024-06-29 07:02:09 DEBUG Log:28] Load cải trang thành công (348)
[2024-06-29 07:02:09 DEBUG Log:28] Load intrinsic thành công (26)
[2024-06-29 07:02:09 DEBUG Log:28] Load task thành công (33)
[2024-06-29 07:02:09 DEBUG Log:28] Load side task thành công (59)
[2024-06-29 07:02:09 DEBUG Log:28] Load map item template thành công (2115)
[2024-06-29 07:02:09 DEBUG Log:28] Load map item option template thành công (249)
[2024-06-29 07:02:12 DEBUG Log:28] Load shop thành công (22)
[2024-06-29 07:02:12 DEBUG Log:28] Load reward lucky round thành công! 98.26
[2024-06-29 07:02:12 DEBUG Log:28] Load reward lucky round thành công (87)
[2024-06-29 07:02:12 DEBUG Log:28] Load mob template thành công (84)
[2024-06-29 07:02:12 DEBUG Log:28] Load npc template thành công (79)
[2024-06-29 07:02:13 DEBUG Log:28] Init map thành công!
[2024-06-29 07:02:13 DEBUG Log:28] Thông báo tải dữ liệu images by name thành công (108)
[2024-06-29 07:02:13 DEBUG Log:28] Load clan thành công (1), clan next id: 1
[2024-06-29 07:02:13 DEBUG Log:20] Tổng thời gian load database: 6334(ms)
[2024-06-29 07:02:13 DEBUG Log:20] Start server......... Current thread: 270
